2018-12-21 10:51:20,574 INFO 载入数据......
2018-12-21 10:51:20,697 DEBUG 载入完成,准备生成字典对象和统计文本数据...
2018-12-21 10:51:20,822 INFO 共有51596个文档
2018-12-21 10:51:20,849 INFO 词与序号对应关系已保存到E:\Githubresponsity\weibo1123\step5_LDA\data\tmp\wordidmap.dat
2018-12-21 10:52:07,283 INFO 载入数据......
2018-12-21 10:52:07,292 DEBUG 载入完成,准备生成字典对象和统计文本数据...
2018-12-21 10:52:07,403 INFO 共有51596个文档
2018-12-21 10:52:07,431 INFO 词与序号对应关系已保存到E:\Githubresponsity\weibo1123\step5_LDA\data\tmp\wordidmap.dat
2018-12-21 10:57:13,868 INFO 迭代完成。
2018-12-21 10:57:13,869 DEBUG 计算文章-主题分布
2018-12-21 10:57:14,151 DEBUG 计算词-主题分布
2018-12-21 10:57:14,172 DEBUG 保存模型
2018-12-21 10:57:14,172 INFO 文章-主题分布已保存到E:\Githubresponsity\weibo1123\step5_LDA\data\tmp\model_theta.dat
2018-12-21 10:57:15,094 INFO 词-主题分布已保存到E:\Githubresponsity\weibo1123\step5_LDA\data\tmp\model_phi.dat
2018-12-21 10:57:15,427 INFO 参数设置已保存到E:\Githubresponsity\weibo1123\step5_LDA\data\tmp\model_parameter.dat
2018-12-21 10:57:15,428 INFO 主题topN词已保存到E:\Githubresponsity\weibo1123\step5_LDA\data\tmp\model_twords.dat
2018-12-21 10:57:19,821 INFO 文章-词-主题分派结果已保存到E:\Githubresponsity\weibo1123\step5_LDA\data\tmp\model_tassign.dat
2018-12-21 10:57:20,285 INFO 模型训练完成。
2018-12-21 11:05:20,916 INFO 载入数据......
2018-12-21 11:05:20,926 DEBUG 载入完成,准备生成字典对象和统计文本数据...
2018-12-21 11:05:21,038 INFO 共有51596个文档
2018-12-21 11:05:21,065 INFO 词与序号对应关系已保存到E:\Githubresponsity\weibo1123\step5_LDA\data\tmp\wordidmap.dat
2018-12-21 11:20:45,680 INFO 迭代完成。
2018-12-21 11:20:45,680 DEBUG 计算文章-主题分布
2018-12-21 11:20:45,920 DEBUG 计算词-主题分布
2018-12-21 11:20:45,921 DEBUG 保存模型
2018-12-21 11:20:45,921 INFO 文章-主题分布已保存到E:\Githubresponsity\weibo1123\step5_LDA\data\tmp\model_theta.dat
2018-12-21 11:20:46,792 INFO 词-主题分布已保存到E:\Githubresponsity\weibo1123\step5_LDA\data\tmp\model_phi.dat
2018-12-21 11:20:47,114 INFO 参数设置已保存到E:\Githubresponsity\weibo1123\step5_LDA\data\tmp\model_parameter.dat
2018-12-21 11:20:47,114 INFO 主题topN词已保存到E:\Githubresponsity\weibo1123\step5_LDA\data\tmp\model_twords.dat
2018-12-21 11:20:51,932 INFO 文章-词-主题分派结果已保存到E:\Githubresponsity\weibo1123\step5_LDA\data\tmp\model_tassign.dat
2018-12-21 11:20:52,492 INFO 模型训练完成。
2019-04-07 23:04:07,430 INFO 载入数据......
2019-04-07 23:04:07,453 DEBUG 载入完成,准备生成字典对象和统计文本数据...
2019-04-07 23:04:07,514 INFO 共有16780个文档
2019-04-07 23:14:14,210 INFO 载入数据......
2019-04-07 23:14:14,216 DEBUG 载入完成,准备生成字典对象和统计文本数据...
2019-04-07 23:14:14,269 INFO 共有16780个文档
2019-04-07 23:14:14,295 INFO 词与序号对应关系已保存到D:\Backup\桌面\keras_learn_xifashui\话题聚类\data\tmp\wordidmap.dat
2019-04-07 23:27:20,635 INFO 迭代完成。
2019-04-07 23:27:20,635 DEBUG 计算文章-主题分布
2019-04-07 23:27:20,800 DEBUG 计算词-主题分布
2019-04-07 23:27:20,816 DEBUG 保存模型
2019-04-07 23:27:20,816 INFO 文章-主题分布已保存到D:\Backup\桌面\keras_learn_xifashui\话题聚类\data\tmp\model_theta.dat
2019-04-07 23:27:21,346 INFO 词-主题分布已保存到D:\Backup\桌面\keras_learn_xifashui\话题聚类\data\tmp\model_phi.dat
2019-04-07 23:27:21,720 INFO 参数设置已保存到D:\Backup\桌面\keras_learn_xifashui\话题聚类\data\tmp\model_parameter.dat
2019-04-07 23:27:21,722 INFO 主题topN词已保存到D:\Backup\桌面\keras_learn_xifashui\话题聚类\data\tmp\model_twords.dat
2019-04-07 23:27:25,292 INFO 文章-词-主题分派结果已保存到D:\Backup\桌面\keras_learn_xifashui\话题聚类\data\tmp\model_tassign.dat
2019-04-07 23:27:25,733 INFO 模型训练完成。
